Unchecked runtime.lastError: The message port closed before a response was received.
Unchecked runtime.lastError: The message port closed before a response was received.
Unchecked runtime.lastError: The message port closed before a response was received.
Unchecked runtime.lastError: The message port closed before a response was received.
Unchecked runtime.lastError: The message port closed before a response was received.
Unchecked runtime.lastError: The message port closed before a response was received.
Unchecked runtime.lastError: The message port closed before a response was received.
client:536 WebSocket connection to 'ws://192.168.0.10:5000/?token=mVf9mxkDNQJl' failed: 
setupWebSocket @ client:536
client:536 Uncaught (in promise) SyntaxError: Failed to construct 'WebSocket': The URL 'ws://localhost:undefined/?token=mVf9mxkDNQJl' is invalid.
    at setupWebSocket (client:536:19)
    at fallback (client:509:16)
    at WebSocket.<anonymous> (client:555:7)
chunk-RPCDYKBN.js?v=a2e4272d:21551 Download the React DevTools for a better development experience: https://reactjs.org/link/react-devtools
logger.ts:17 [2025-02-23T03:04:04.467Z] [INFO] Application starting
logger.ts:17 [2025-02-23T03:04:04.468Z] [INFO] Initializing router
api/user:1 
            
            
           Failed to load resource: the server responded with a status of 401 (Unauthorized)
chunk-RPCDYKBN.js?v=a2e4272d:521 Warning: Cannot update a component (`Switch`) while rendering a different component (`AuthPage`). To locate the bad setState() call inside `AuthPage`, follow the stack trace as described in https://reactjs.org/link/setstate-in-render
    at AuthPage (http://192.168.0.10:5000/src/pages/auth-page.tsx:44:53)
    at Route (http://192.168.0.10:5000/@fs/home/orangepi/Documentos/WebUbicuos/EnterpriseWorkflow/node_modules/.vite/deps/wouter.js?v=a2e4272d:323:16)
    at Switch (http://192.168.0.10:5000/@fs/home/orangepi/Documentos/WebUbicuos/EnterpriseWorkflow/node_modules/.vite/deps/wouter.js?v=a2e4272d:379:17)
    at Router
    at AuthProvider (http://192.168.0.10:5000/src/hooks/use-auth.tsx:26:32)
    at QueryClientProvider (http://192.168.0.10:5000/@fs/home/orangepi/Documentos/WebUbicuos/EnterpriseWorkflow/node_modules/.vite/deps/@tanstack_react-query.js?v=a2e4272d:2805:3)
    at App
printWarning @ chunk-RPCDYKBN.js?v=a2e4272d:521
chunk-RPCDYKBN.js?v=a2e4272d:11595 Uncaught Error: Rendered fewer hooks than expected. This may be caused by an accidental early return statement.
    at renderWithHooks (chunk-RPCDYKBN.js?v=a2e4272d:11595:19)
    at updateFunctionComponent (chunk-RPCDYKBN.js?v=a2e4272d:14582:28)
    at beginWork (chunk-RPCDYKBN.js?v=a2e4272d:15924:22)
    at HTMLUnknownElement.callCallback2 (chunk-RPCDYKBN.js?v=a2e4272d:3674:22)
    at Object.invokeGuardedCallbackDev (chunk-RPCDYKBN.js?v=a2e4272d:3699:24)
    at invokeGuardedCallback (chunk-RPCDYKBN.js?v=a2e4272d:3733:39)
    at beginWork$1 (chunk-RPCDYKBN.js?v=a2e4272d:19765:15)
    at performUnitOfWork (chunk-RPCDYKBN.js?v=a2e4272d:19198:20)
    at workLoopSync (chunk-RPCDYKBN.js?v=a2e4272d:19137:13)
    at renderRootSync (chunk-RPCDYKBN.js?v=a2e4272d:19116:15)
chunk-RPCDYKBN.js?v=a2e4272d:11595 Uncaught Error: Rendered fewer hooks than expected. This may be caused by an accidental early return statement.
    at renderWithHooks (chunk-RPCDYKBN.js?v=a2e4272d:11595:19)
    at updateFunctionComponent (chunk-RPCDYKBN.js?v=a2e4272d:14582:28)
    at beginWork (chunk-RPCDYKBN.js?v=a2e4272d:15924:22)
    at beginWork$1 (chunk-RPCDYKBN.js?v=a2e4272d:19753:22)
    at performUnitOfWork (chunk-RPCDYKBN.js?v=a2e4272d:19198:20)
    at workLoopSync (chunk-RPCDYKBN.js?v=a2e4272d:19137:13)
    at renderRootSync (chunk-RPCDYKBN.js?v=a2e4272d:19116:15)
    at performSyncWorkOnRoot (chunk-RPCDYKBN.js?v=a2e4272d:18874:28)
    at flushSyncCallbacks (chunk-RPCDYKBN.js?v=a2e4272d:9119:30)
    at chunk-RPCDYKBN.js?v=a2e4272d:18627:21
logger.ts:17 [2025-02-23T03:04:08.267Z] [INFO] Connecting to WebSocket {"url":"ws://192.168.0.10:5000/ws"}
logger.ts:17 [2025-02-23T03:04:08.320Z] [INFO] WebSocket connected
logger.ts:17 [2025-02-23T03:04:08.322Z] [INFO] WebSocket disconnected
logger.ts:17 [2025-02-23T03:04:09.329Z] [INFO] Connecting to WebSocket {"url":"ws://192.168.0.10:5000/ws"}
logger.ts:17 [2025-02-23T03:04:11.388Z] [INFO] WebSocket connected
logger.ts:17 [2025-02-23T03:04:11.393Z] [INFO] WebSocket disconnected
recordings-page.tsx:510 Uncaught TypeError: Cannot read properties of undefined (reading 'length')
    at RecordingsPage (recordings-page.tsx:510:63)
    at renderWithHooks (chunk-RPCDYKBN.js?v=a2e4272d:11548:26)
    at updateFunctionComponent (chunk-RPCDYKBN.js?v=a2e4272d:14582:28)
    at beginWork (chunk-RPCDYKBN.js?v=a2e4272d:15924:22)
    at HTMLUnknownElement.callCallback2 (chunk-RPCDYKBN.js?v=a2e4272d:3674:22)
    at Object.invokeGuardedCallbackDev (chunk-RPCDYKBN.js?v=a2e4272d:3699:24)
    at invokeGuardedCallback (chunk-RPCDYKBN.js?v=a2e4272d:3733:39)
    at beginWork$1 (chunk-RPCDYKBN.js?v=a2e4272d:19765:15)
    at performUnitOfWork (chunk-RPCDYKBN.js?v=a2e4272d:19198:20)
    at workLoopSync (chunk-RPCDYKBN.js?v=a2e4272d:19137:13)
recordings-page.tsx:510 Uncaught TypeError: Cannot read properties of undefined (reading 'length')
    at RecordingsPage (recordings-page.tsx:510:63)
    at renderWithHooks (chunk-RPCDYKBN.js?v=a2e4272d:11548:26)
    at updateFunctionComponent (chunk-RPCDYKBN.js?v=a2e4272d:14582:28)
    at beginWork (chunk-RPCDYKBN.js?v=a2e4272d:15924:22)
    at HTMLUnknownElement.callCallback2 (chunk-RPCDYKBN.js?v=a2e4272d:3674:22)
    at Object.invokeGuardedCallbackDev (chunk-RPCDYKBN.js?v=a2e4272d:3699:24)
    at invokeGuardedCallback (chunk-RPCDYKBN.js?v=a2e4272d:3733:39)
    at beginWork$1 (chunk-RPCDYKBN.js?v=a2e4272d:19765:15)
    at performUnitOfWork (chunk-RPCDYKBN.js?v=a2e4272d:19198:20)
    at workLoopSync (chunk-RPCDYKBN.js?v=a2e4272d:19137:13)
chunk-RPCDYKBN.js?v=a2e4272d:14032 The above error occurred in the <RecordingsPage> component:

    at RecordingsPage (http://192.168.0.10:5000/src/pages/recordings-page.tsx:39:43)
    at div
    at main
    at div
    at div
    at MainLayout (http://192.168.0.10:5000/src/components/layout/main-layout.tsx:19:30)
    at component
    at ProtectedRoute (http://192.168.0.10:5000/src/lib/protected-route.tsx:22:3)
    at Switch (http://192.168.0.10:5000/@fs/home/orangepi/Documentos/WebUbicuos/EnterpriseWorkflow/node_modules/.vite/deps/wouter.js?v=a2e4272d:379:17)
    at Router
    at AuthProvider (http://192.168.0.10:5000/src/hooks/use-auth.tsx:26:32)
    at QueryClientProvider (http://192.168.0.10:5000/@fs/home/orangepi/Documentos/WebUbicuos/EnterpriseWorkflow/node_modules/.vite/deps/@tanstack_react-query.js?v=a2e4272d:2805:3)
    at App

Consider adding an error boundary to your tree to customize error handling behavior.
Visit https://reactjs.org/link/error-boundaries to learn more about error boundaries.
logCapturedError @ chunk-RPCDYKBN.js?v=a2e4272d:14032
chunk-RPCDYKBN.js?v=a2e4272d:9129 Uncaught TypeError: Cannot read properties of undefined (reading 'length')
    at RecordingsPage (recordings-page.tsx:510:63)
    at renderWithHooks (chunk-RPCDYKBN.js?v=a2e4272d:11548:26)
    at updateFunctionComponent (chunk-RPCDYKBN.js?v=a2e4272d:14582:28)
    at beginWork (chunk-RPCDYKBN.js?v=a2e4272d:15924:22)
    at beginWork$1 (chunk-RPCDYKBN.js?v=a2e4272d:19753:22)
    at performUnitOfWork (chunk-RPCDYKBN.js?v=a2e4272d:19198:20)
    at workLoopSync (chunk-RPCDYKBN.js?v=a2e4272d:19137:13)
    at renderRootSync (chunk-RPCDYKBN.js?v=a2e4272d:19116:15)
    at recoverFromConcurrentError (chunk-RPCDYKBN.js?v=a2e4272d:18736:28)
    at performSyncWorkOnRoot (chunk-RPCDYKBN.js?v=a2e4272d:18879:28)
