client:535 WebSocket connection to 'ws://localhost:5000/' failed: 
setupWebSocket @ client:535
client:535 Uncaught (in promise) SyntaxError: Failed to construct 'WebSocket': The URL 'ws://localhost:undefined/' is invalid.
    at setupWebSocket (client:535:19)
    at fallback (client:508:16)
    at WebSocket.<anonymous> (client:551:7)
chunk-RPCDYKBN.js?v=4a1eda09:21551 Download the React DevTools for a better development experience: https://reactjs.org/link/react-devtools
logger.ts:17 [2025-03-07T01:36:10.761Z] [INFO] Application starting
logger.ts:17 [2025-03-07T01:36:10.764Z] [INFO] Initializing router
api/user:1 
            
            
           Failed to load resource: the server responded with a status of 401 (Unauthorized)
chunk-RPCDYKBN.js?v=4a1eda09:521 Warning: Cannot update a component (`Switch`) while rendering a different component (`AuthPage`). To locate the bad setState() call inside `AuthPage`, follow the stack trace as described in https://reactjs.org/link/setstate-in-render
    at AuthPage (http://localhost:5000/src/pages/auth-page.tsx:44:53)
    at Route (http://localhost:5000/@fs/home/mforum/livingLab/EnterpriseWorkflow-2/node_modules/.vite/deps/wouter.js?v=4a1eda09:323:16)
    at Switch (http://localhost:5000/@fs/home/mforum/livingLab/EnterpriseWorkflow-2/node_modules/.vite/deps/wouter.js?v=4a1eda09:379:17)
    at Router
    at AuthProvider (http://localhost:5000/src/hooks/use-auth.tsx:26:32)
    at QueryClientProvider (http://localhost:5000/@fs/home/mforum/livingLab/EnterpriseWorkflow-2/node_modules/.vite/deps/@tanstack_react-query.js?v=4a1eda09:2805:3)
    at App
printWarning @ chunk-RPCDYKBN.js?v=4a1eda09:521
chunk-RPCDYKBN.js?v=4a1eda09:11595 Uncaught Error: Rendered fewer hooks than expected. This may be caused by an accidental early return statement.
    at renderWithHooks (chunk-RPCDYKBN.js?v=4a1eda09:11595:19)
    at updateFunctionComponent (chunk-RPCDYKBN.js?v=4a1eda09:14582:28)
    at beginWork (chunk-RPCDYKBN.js?v=4a1eda09:15924:22)
    at HTMLUnknownElement.callCallback2 (chunk-RPCDYKBN.js?v=4a1eda09:3674:22)
    at Object.invokeGuardedCallbackDev (chunk-RPCDYKBN.js?v=4a1eda09:3699:24)
    at invokeGuardedCallback (chunk-RPCDYKBN.js?v=4a1eda09:3733:39)
    at beginWork$1 (chunk-RPCDYKBN.js?v=4a1eda09:19765:15)
    at performUnitOfWork (chunk-RPCDYKBN.js?v=4a1eda09:19198:20)
    at workLoopSync (chunk-RPCDYKBN.js?v=4a1eda09:19137:13)
    at renderRootSync (chunk-RPCDYKBN.js?v=4a1eda09:19116:15)
chunk-RPCDYKBN.js?v=4a1eda09:11595 Uncaught Error: Rendered fewer hooks than expected. This may be caused by an accidental early return statement.
    at renderWithHooks (chunk-RPCDYKBN.js?v=4a1eda09:11595:19)
    at updateFunctionComponent (chunk-RPCDYKBN.js?v=4a1eda09:14582:28)
    at beginWork (chunk-RPCDYKBN.js?v=4a1eda09:15924:22)
    at beginWork$1 (chunk-RPCDYKBN.js?v=4a1eda09:19753:22)
    at performUnitOfWork (chunk-RPCDYKBN.js?v=4a1eda09:19198:20)
    at workLoopSync (chunk-RPCDYKBN.js?v=4a1eda09:19137:13)
    at renderRootSync (chunk-RPCDYKBN.js?v=4a1eda09:19116:15)
    at performSyncWorkOnRoot (chunk-RPCDYKBN.js?v=4a1eda09:18874:28)
    at flushSyncCallbacks (chunk-RPCDYKBN.js?v=4a1eda09:9119:30)
    at chunk-RPCDYKBN.js?v=4a1eda09:18627:21
logger.ts:17 [2025-03-07T01:36:21.013Z] [INFO] Application starting
logger.ts:17 [2025-03-07T01:36:21.014Z] [INFO] Initializing router
client:535 WebSocket connection to 'ws://localhost:5000/' failed: 
setupWebSocket @ client:535
client:535 Uncaught (in promise) SyntaxError: Failed to construct 'WebSocket': The URL 'ws://localhost:undefined/' is invalid.
    at setupWebSocket (client:535:19)
    at fallback (client:508:16)
    at WebSocket.<anonymous> (client:551:7)
